TN:
SF:src/PaymentForwarder.sol
DA:32,2
FN:32,PaymentForwarder.constructor
FNDA:2,PaymentForwarder.constructor
DA:33,2
DA:36,2
FN:36,PaymentForwarder.initialize
FNDA:2,PaymentForwarder.initialize
DA:44,2
BRDA:44,0,0,-
BRDA:44,0,1,2
DA:45,2
BRDA:45,1,0,-
BRDA:45,1,1,2
DA:46,2
BRDA:46,2,0,-
BRDA:46,2,1,2
DA:47,2
BRDA:47,3,0,-
BRDA:47,3,1,2
DA:48,2
BRDA:48,4,0,-
BRDA:48,4,1,2
DA:51,2
DA:52,2
DA:54,2
DA:55,2
DA:56,6
BRDA:56,5,0,-
BRDA:56,5,1,6
DA:57,6
BRDA:57,6,0,-
BRDA:57,6,1,6
DA:58,6
DA:59,6
DA:62,2
BRDA:62,7,0,-
BRDA:62,7,1,2
DA:63,2
DA:64,2
DA:65,2
DA:66,2
DA:67,2
DA:68,2
DA:73,2
FN:73,PaymentForwarder.sendPayment
FNDA:2,PaymentForwarder.sendPayment
DA:74,2
BRDA:74,8,0,-
BRDA:74,8,1,2
DA:75,2
BRDA:75,9,0,-
BRDA:75,9,1,2
DA:77,2
DA:78,2
DA:81,2
BRDA:81,10,0,-
BRDA:81,10,1,2
DA:84,2
BRDA:84,11,0,-
BRDA:84,11,1,2
DA:87,2
DA:89,2
DA:93,2
FN:93,PaymentForwarder.distributeFees
FNDA:2,PaymentForwarder.distributeFees
DA:94,2
BRDA:94,12,0,1
BRDA:94,12,1,1
DA:95,1
BRDA:95,13,0,-
BRDA:95,13,1,1
DA:97,1
DA:98,1
DA:101,1
DA:102,3
DA:103,3
DA:104,3
BRDA:104,14,0,-
BRDA:104,14,1,3
DA:107,1
DA:111,0
FN:111,PaymentForwarder.updateTeamStructure
FNDA:0,PaymentForwarder.updateTeamStructure
DA:112,0
BRDA:112,15,0,-
BRDA:112,15,1,-
DA:113,0
BRDA:113,16,0,-
BRDA:113,16,1,-
DA:115,0
DA:116,0
DA:117,0
BRDA:117,17,0,-
BRDA:117,17,1,-
DA:118,0
BRDA:118,18,0,-
BRDA:118,18,1,-
DA:119,0
DA:122,0
BRDA:122,19,0,-
BRDA:122,19,1,-
DA:125,0
DA:126,0
DA:130,0
DA:131,0
DA:132,0
DA:134,0
DA:136,0
DA:139,0
FN:139,PaymentForwarder.updateFees
FNDA:0,PaymentForwarder.updateFees
DA:140,0
BRDA:140,20,0,-
BRDA:140,20,1,-
DA:141,0
DA:145,0
FN:145,PaymentForwarder.updateFeeDistributor
FNDA:0,PaymentForwarder.updateFeeDistributor
DA:146,0
BRDA:146,21,0,-
BRDA:146,21,1,-
DA:147,0
DA:151,0
FN:151,PaymentForwarder.upgradeImplementation
FNDA:0,PaymentForwarder.upgradeImplementation
DA:152,0
DA:153,0
DA:161,0
FN:161,PaymentForwarder._authorizeUpgrade
FNDA:0,PaymentForwarder._authorizeUpgrade
DA:163,1
FN:163,PaymentForwarder.getTeamMembers
FNDA:1,PaymentForwarder.getTeamMembers
DA:164,1
DA:167,2
FN:167,PaymentForwarder.getAccruedFees
FNDA:2,PaymentForwarder.getAccruedFees
DA:168,2
FNF:11
FNH:6
LF:72
LH:46
BRF:44
BRH:16
end_of_record
TN:
SF:src/mocks/MockUSDC.sol
DA:7,2
FN:7,MockUSDC.constructor
FNDA:2,MockUSDC.constructor
DA:8,2
DA:11,2
FN:11,MockUSDC.mint
FNDA:2,MockUSDC.mint
DA:12,2
FNF:2
FNH:2
LF:4
LH:4
BRF:0
BRH:0
end_of_record
